<?xml version="1.0" encoding="UTF-8"?>
<!-- Generated by org.testng.reporters.JUnitReportReporter -->
<testsuite hostname="DESKTOP-1VSDUBV" failures="0" tests="1" name="com.AppDemo.Pinch_In_Out_Gesture" time="11.523" errors="0" timestamp="2023-08-11T12:25:59 IST" skipped="0">
  <testcase classname="com.AppDemo.Pinch_In_Out_Gesture" name="pinchInOutTest" time="11.523"/>
  <system-out/>
</testsuite> <!-- com.AppDemo.Pinch_In_Out_Gesture -->
