<?xml version="1.0" encoding="UTF-8"?>
<!-- Generated by org.testng.reporters.JUnitReportReporter -->
<testsuite hostname="DESKTOP-1VSDUBV" failures="0" tests="1" name="com.AppDemo.SwitchApps" time="32.876" errors="0" timestamp="2023-09-08T11:33:04 IST" skipped="0">
  <testcase classname="com.AppDemo.SwitchApps" name="switchAppsTest" time="32.876"/>
  <system-out/>
</testsuite> <!-- com.AppDemo.SwitchApps -->
