<?xml version="1.0" encoding="UTF-8"?>
<!-- Generated by org.testng.reporters.JUnitReportReporter -->
<testsuite hostname="DESKTOP-1VSDUBV" failures="0" tests="1" name="com.Gestures.Scroll_Ty" time="14.534" errors="0" timestamp="2023-08-14T10:44:54 IST" skipped="0">
  <testcase classname="com.Gestures.Scroll_Ty" name="scrollTest" time="14.534"/>
  <system-out/>
</testsuite> <!-- com.Gestures.Scroll_Ty -->
