<?xml version="1.0" encoding="UTF-8"?>
<!-- Generated by org.testng.reporters.JUnitReportReporter -->
<testsuite hostname="DESKTOP-1VSDUBV" failures="0" tests="1" name="com.AppDemo.LongPressGesture" time="15.165" errors="0" timestamp="2023-08-11T10:43:43 IST" skipped="0">
  <testcase classname="com.AppDemo.LongPressGesture" name="longPressGestureTest" time="15.165"/>
  <system-out/>
</testsuite> <!-- com.AppDemo.LongPressGesture -->
