<?xml version="1.0" encoding="UTF-8"?>
<!-- Generated by org.testng.reporters.JUnitReportReporter -->
<testsuite hostname="DESKTOP-1VSDUBV" failures="0" tests="1" name="com.BluDoc.CreateDoctor" time="48.153" errors="0" timestamp="2023-08-23T16:58:14 IST" skipped="0">
  <testcase classname="com.BluDoc.CreateDoctor" name="createDocTest" time="48.153"/>
  <system-out/>
</testsuite> <!-- com.BluDoc.CreateDoctor -->
