<?xml version="1.0" encoding="UTF-8"?>
<!-- Generated by org.testng.reporters.JUnitReportReporter -->
<testsuite hostname="DESKTOP-1VSDUBV" failures="0" tests="1" name="com.Gestures.Pinch_Open_And_Pinch_Close" time="23.044" errors="0" timestamp="2023-08-13T13:44:34 IST" skipped="0">
  <testcase classname="com.Gestures.Pinch_Open_And_Pinch_Close" name="pinchInOutTest" time="23.044"/>
  <system-out/>
</testsuite> <!-- com.Gestures.Pinch_Open_And_Pinch_Close -->
