<?xml version="1.0" encoding="UTF-8"?>
<!-- Generated by org.testng.reporters.JUnitReportReporter -->
<testsuite hostname="DESKTOP-1VSDUBV" failures="0" tests="1" name="com.AppDemo.GeneralStore_Hybrid_App" time="29.533" errors="1" timestamp="2023-08-13T23:08:27 IST" skipped="0">
  <testcase classname="com.AppDemo.GeneralStore_Hybrid_App" name="toastMsgTest" time="29.533">
    <error message="No such context found.
Build info: version: &#039;4.11.0&#039;, revision: &#039;040bc5406b&#039;
System info: os.name: &#039;Windows 10&#039;, os.arch: &#039;amd64&#039;, os.version: &#039;10.0&#039;, java.version: &#039;16.0.1&#039;
Driver info: io.appium.java_client.android.AndroidDriver
Command: [6de9fb26-bdae-451c-8943-f8ae6683c8c2, switchToContext {name=WEBVIEW_com.androidsample.generalstore}]
Capabilities {appium:appActivity: .SplashActivity, appium:appPackage: com.androidsample.generalstore, appium:automationName: UiAutomator2, appium:databaseEnabled: false, appium:desired: {appActivity: .SplashActivity, appPackage: com.androidsample.generalstore, automationName: UiAutomator2, deviceName: POCO X2, platformName: ANDROID, udid: 302ed886}, appium:deviceApiLevel: 30, appium:deviceManufacturer: Xiaomi, appium:deviceModel: POCO X2, appium:deviceName: 302ed886, appium:deviceScreenDensity: 440, appium:deviceScreenSize: 1080x2400, appium:deviceUDID: 302ed886, appium:javascriptEnabled: true, appium:locationContextEnabled: false, appium:networkConnectionEnabled: true, appium:pixelRatio: 2.75, appium:platformVersion: 11, appium:statBarHeight: 95, appium:takesScreenshot: true, appium:udid: 302ed886, appium:viewportRect: {height: 2166, left: 0, top: 95, width: 1080}, appium:warnings: {}, appium:webStorageEnabled: false, platformName: ANDROID}
Session ID: 6de9fb26-bdae-451c-8943-f8ae6683c8c2" type="io.appium.java_client.NoSuchContextException">
      <![CDATA[io.appium.java_client.NoSuchContextException: No such context found.
Build info: version: '4.11.0', revision: '040bc5406b'
System info: os.name: 'Windows 10', os.arch: 'amd64', os.version: '10.0', java.version: '16.0.1'
Driver info: io.appium.java_client.android.AndroidDriver
Command: [6de9fb26-bdae-451c-8943-f8ae6683c8c2, switchToContext {name=WEBVIEW_com.androidsample.generalstore}]
Capabilities {appium:appActivity: .SplashActivity, appium:appPackage: com.androidsample.generalstore, appium:automationName: UiAutomator2, appium:databaseEnabled: false, appium:desired: {appActivity: .SplashActivity, appPackage: com.androidsample.generalstore, automationName: UiAutomator2, deviceName: POCO X2, platformName: ANDROID, udid: 302ed886}, appium:deviceApiLevel: 30, appium:deviceManufacturer: Xiaomi, appium:deviceModel: POCO X2, appium:deviceName: 302ed886, appium:deviceScreenDensity: 440, appium:deviceScreenSize: 1080x2400, appium:deviceUDID: 302ed886, appium:javascriptEnabled: true, appium:locationContextEnabled: false, appium:networkConnectionEnabled: true, appium:pixelRatio: 2.75, appium:platformVersion: 11, appium:statBarHeight: 95, appium:takesScreenshot: true, appium:udid: 302ed886, appium:viewportRect: {height: 2166, left: 0, top: 95, width: 1080}, appium:warnings: {}, appium:webStorageEnabled: false, platformName: ANDROID}
Session ID: 6de9fb26-bdae-451c-8943-f8ae6683c8c2
at io.appium.java_client.remote.SupportsContextSwitching.context(SupportsContextSwitching.java:48)
at com.AppDemo.GeneralStore_Hybrid_App.toastMsgTest(GeneralStore_Hybrid_App.java:73)
at java.base/jdk.internal.reflect.NativeMethodAccessorImpl.invoke0(Native Method)
at java.base/jdk.internal.reflect.NativeMethodAccessorImpl.invoke(NativeMethodAccessorImpl.java:78)
at java.base/jdk.internal.reflect.DelegatingMethodAccessorImpl.invoke(DelegatingMethodAccessorImpl.java:43)
at java.base/java.lang.reflect.Method.invoke(Method.java:567)
at org.testng.internal.MethodInvocationHelper.invokeMethod(MethodInvocationHelper.java:133)
at org.testng.internal.TestInvoker.invokeMethod(TestInvoker.java:598)
at org.testng.internal.TestInvoker.invokeTestMethod(TestInvoker.java:173)
at org.testng.internal.MethodRunner.runInSequence(MethodRunner.java:46)
at org.testng.internal.TestInvoker$MethodInvocationAgent.invoke(TestInvoker.java:824)
at org.testng.internal.TestInvoker.invokeTestMethods(TestInvoker.java:146)
at org.testng.internal.TestMethodWorker.invokeTestMethods(TestMethodWorker.java:146)
at org.testng.internal.TestMethodWorker.run(TestMethodWorker.java:128)
at java.base/java.util.ArrayList.forEach(ArrayList.java:1511)
at org.testng.TestRunner.privateRun(TestRunner.java:794)
at org.testng.TestRunner.run(TestRunner.java:596)
at org.testng.SuiteRunner.runTest(SuiteRunner.java:377)
at org.testng.SuiteRunner.runSequentially(SuiteRunner.java:371)
at org.testng.SuiteRunner.privateRun(SuiteRunner.java:332)
at org.testng.SuiteRunner.run(SuiteRunner.java:276)
at org.testng.SuiteRunnerWorker.runSuite(SuiteRunnerWorker.java:53)
at org.testng.SuiteRunnerWorker.run(SuiteRunnerWorker.java:96)
at org.testng.TestNG.runSuitesSequentially(TestNG.java:1212)
at org.testng.TestNG.runSuitesLocally(TestNG.java:1134)
at org.testng.TestNG.runSuites(TestNG.java:1063)
at org.testng.TestNG.run(TestNG.java:1031)
at org.testng.remote.AbstractRemoteTestNG.run(AbstractRemoteTestNG.java:115)
at org.testng.remote.RemoteTestNG.initAndRun(RemoteTestNG.java:251)
at org.testng.remote.RemoteTestNG.main(RemoteTestNG.java:77)
Caused by: org.openqa.selenium.WebDriverException: No such context found.
Build info: version: '4.11.0', revision: '040bc5406b'
System info: os.name: 'Windows 10', os.arch: 'amd64', os.version: '10.0', java.version: '16.0.1'
Driver info: io.appium.java_client.android.AndroidDriver
Command: [6de9fb26-bdae-451c-8943-f8ae6683c8c2, switchToContext {name=WEBVIEW_com.androidsample.generalstore}]
Capabilities {appium:appActivity: .SplashActivity, appium:appPackage: com.androidsample.generalstore, appium:automationName: UiAutomator2, appium:databaseEnabled: false, appium:desired: {appActivity: .SplashActivity, appPackage: com.androidsample.generalstore, automationName: UiAutomator2, deviceName: POCO X2, platformName: ANDROID, udid: 302ed886}, appium:deviceApiLevel: 30, appium:deviceManufacturer: Xiaomi, appium:deviceModel: POCO X2, appium:deviceName: 302ed886, appium:deviceScreenDensity: 440, appium:deviceScreenSize: 1080x2400, appium:deviceUDID: 302ed886, appium:javascriptEnabled: true, appium:locationContextEnabled: false, appium:networkConnectionEnabled: true, appium:pixelRatio: 2.75, appium:platformVersion: 11, appium:statBarHeight: 95, appium:takesScreenshot: true, appium:udid: 302ed886, appium:viewportRect: {height: 2166, left: 0, top: 95, width: 1080}, appium:warnings: {}, appium:webStorageEnabled: false, platformName: ANDROID}
Session ID: 6de9fb26-bdae-451c-8943-f8ae6683c8c2
at java.base/jdk.internal.reflect.NativeConstructorAccessorImpl.newInstance0(Native Method)
at java.base/jdk.internal.reflect.NativeConstructorAccessorImpl.newInstance(NativeConstructorAccessorImpl.java:78)
at java.base/jdk.internal.reflect.DelegatingConstructorAccessorImpl.newInstance(DelegatingConstructorAccessorImpl.java:45)
at java.base/java.lang.reflect.Constructor.newInstanceWithCaller(Constructor.java:499)
at java.base/java.lang.reflect.Constructor.newInstance(Constructor.java:480)
at org.openqa.selenium.remote.codec.w3c.W3CHttpResponseCodec.createException(W3CHttpResponseCodec.java:200)
at org.openqa.selenium.remote.codec.w3c.W3CHttpResponseCodec.decode(W3CHttpResponseCodec.java:133)
at org.openqa.selenium.remote.codec.w3c.W3CHttpResponseCodec.decode(W3CHttpResponseCodec.java:52)
at org.openqa.selenium.remote.HttpCommandExecutor.execute(HttpCommandExecutor.java:191)
at io.appium.java_client.remote.AppiumCommandExecutor.execute(AppiumCommandExecutor.java:250)
at org.openqa.selenium.remote.RemoteWebDriver.execute(RemoteWebDriver.java:518)
at org.openqa.selenium.remote.RemoteWebDriver.execute(RemoteWebDriver.java:591)
at io.appium.java_client.AppiumDriver.execute(AppiumDriver.java:308)
at io.appium.java_client.remote.SupportsContextSwitching.context(SupportsContextSwitching.java:45)
... 29 more
]]>
    </error>
  </testcase> <!-- toastMsgTest -->
  <system-out/>
</testsuite> <!-- com.AppDemo.GeneralStore_Hybrid_App -->
