<?xml version="1.0" encoding="UTF-8"?>
<!-- Generated by org.testng.reporters.JUnitReportReporter -->
<testsuite hostname="DESKTOP-1VSDUBV" failures="0" tests="1" name="com.Driver_Methods.Keyboard_Notification_Screen" time="17.862" errors="0" timestamp="2023-08-16T13:35:44 IST" skipped="0">
  <testcase classname="com.Driver_Methods.Keyboard_Notification_Screen" name="appTest" time="17.862"/>
  <system-out/>
</testsuite> <!-- com.Driver_Methods.Keyboard_Notification_Screen -->
