<?xml version="1.0" encoding="UTF-8"?>
<!-- Generated by org.testng.reporters.JUnitReportReporter -->
<testsuite hostname="DESKTOP-1VSDUBV" failures="0" tests="1" name="com.AppDemo.DragAndDrop" time="13.586" errors="0" timestamp="2023-08-11T11:08:13 IST" skipped="0">
  <testcase classname="com.AppDemo.DragAndDrop" name="dragAndDropTest" time="13.586"/>
  <system-out/>
</testsuite> <!-- com.AppDemo.DragAndDrop -->
