<?xml version="1.0" encoding="UTF-8"?>
<!-- Generated by org.testng.reporters.JUnitReportReporter -->
<testsuite hostname="DESKTOP-1VSDUBV" failures="0" tests="1" name="com.TestCase.Testcase1" time="51.259" errors="0" timestamp="2023-08-16T09:43:11 IST" skipped="0">
  <testcase classname="com.TestCase.Testcase1" name="addItemToCartTest" time="51.259"/>
  <system-out/>
</testsuite> <!-- com.TestCase.Testcase1 -->
