<?xml version="1.0" encoding="UTF-8"?>
<!-- Generated by org.testng.reporters.JUnitReportReporter -->
<testsuite hostname="DESKTOP-1VSDUBV" failures="0" tests="1" name="com.Driver_Methods.Install_App_And_Verify" time="19.642" errors="0" timestamp="2023-08-21T14:50:09 IST" skipped="0">
  <testcase classname="com.Driver_Methods.Install_App_And_Verify" name="installAppTest" time="19.642"/>
  <system-out/>
</testsuite> <!-- com.Driver_Methods.Install_App_And_Verify -->
