<?xml version="1.0" encoding="UTF-8"?>
<!-- Generated by org.testng.reporters.JUnitReportReporter -->
<testsuite hostname="DESKTOP-1VSDUBV" failures="0" tests="2" name="com.TestCase.TestNg_Testcase_1" time="127.046" errors="0" timestamp="2023-08-16T13:04:54 IST" skipped="0">
  <testcase classname="com.TestCase.TestNg_Testcase_1" name="addItemToCartTest" time="60.362"/>
  <system-out/>
  <testcase classname="com.TestCase.TestNg_Testcase_1" name="addItemToCartTest" time="66.684"/>
  <system-out/>
</testsuite> <!-- com.TestCase.TestNg_Testcase_1 -->
