<?xml version="1.0" encoding="UTF-8"?>
<!-- Generated by org.testng.reporters.JUnitReportReporter -->
<testsuite hostname="DESKTOP-1VSDUBV" failures="0" tests="1" name="com.Gestures.Long_Click" time="24.991" errors="0" timestamp="2023-08-13T13:42:52 IST" skipped="0">
  <testcase classname="com.Gestures.Long_Click" name="longClickGestureTest" time="24.991"/>
  <system-out/>
</testsuite> <!-- com.Gestures.Long_Click -->
