<?xml version="1.0" encoding="UTF-8"?>
<!-- Generated by org.testng.reporters.JUnitReportReporter -->
<testsuite hostname="DESKTOP-1VSDUBV" failures="0" tests="1" name="com.AppDemo.GeneralStore_Hybrid_App_1" time="23.086" errors="0" timestamp="2023-08-13T17:09:45 IST" skipped="0">
  <testcase classname="com.AppDemo.GeneralStore_Hybrid_App_1" name="hybridAppTest" time="23.086"/>
  <system-out/>
</testsuite> <!-- com.AppDemo.GeneralStore_Hybrid_App_1 -->
