<?xml version="1.0" encoding="UTF-8"?>
<!-- Generated by org.testng.reporters.JUnitReportReporter -->
<testsuite hostname="DESKTOP-1VSDUBV" failures="0" tests="1" name="com.Gestures.Drag_And_Drop" time="23.480" errors="0" timestamp="2023-08-13T13:39:34 IST" skipped="0">
  <testcase classname="com.Gestures.Drag_And_Drop" name="dragAndDropTest" time="23.480"/>
  <system-out/>
</testsuite> <!-- com.Gestures.Drag_And_Drop -->
