<?xml version="1.0" encoding="UTF-8"?>
<!-- Generated by org.testng.reporters.JUnitReportReporter -->
<testsuite hostname="DESKTOP-1VSDUBV" failures="0" tests="1" name="com.AppDemo.Mobile_Browser" time="19.787" errors="0" timestamp="2023-08-16T10:58:27 IST" skipped="0">
  <testcase classname="com.AppDemo.Mobile_Browser" name="chromeTest" time="19.787"/>
  <system-out/>
</testsuite> <!-- com.AppDemo.Mobile_Browser -->
