<?xml version="1.0" encoding="UTF-8"?>
<!-- Generated by org.testng.reporters.JUnitReportReporter -->
<testsuite hostname="DESKTOP-1VSDUBV" failures="0" tests="1" name="com.AppDemo.Pinch_Open_Close_Gesture" time="13.084" errors="0" timestamp="2023-08-11T12:35:01 IST" skipped="0">
  <testcase classname="com.AppDemo.Pinch_Open_Close_Gesture" name="pinchInOutTest" time="13.084"/>
  <system-out/>
</testsuite> <!-- com.AppDemo.Pinch_Open_Close_Gesture -->
