<?xml version="1.0" encoding="UTF-8"?>
<!-- Generated by org.testng.reporters.JUnitReportReporter -->
<testsuite hostname="DESKTOP-1VSDUBV" failures="0" tests="1" name="com.Driver_Methods.Activate_App_and_Run_In_Background" time="36.687" errors="0" timestamp="2023-08-15T22:36:04 IST" skipped="0">
  <testcase classname="com.Driver_Methods.Activate_App_and_Run_In_Background" name="appTest" time="36.687"/>
  <system-out/>
</testsuite> <!-- com.Driver_Methods.Activate_App_and_Run_In_Background -->
