<?xml version="1.0" encoding="UTF-8"?>
<!-- Generated by org.testng.reporters.JUnitReportReporter -->
<testsuite hostname="DESKTOP-1VSDUBV" failures="0" tests="1" name="com.BrowserStack.MobileAppTesting" time="21.842" errors="0" timestamp="2023-08-28T13:09:33 IST" skipped="0">
  <testcase classname="com.BrowserStack.MobileAppTesting" name="mobileAppTest" time="21.842"/>
  <system-out/>
</testsuite> <!-- com.BrowserStack.MobileAppTesting -->
